<?xml version="1.0" encoding="UTF-8"?>
<!-- Generated by org.testng.reporters.JUnitReportReporter -->
<testsuite skipped="0" hostname="KESAVAN-PC" name="com.restAssured.concepts.Get_Request" tests="1" failures="0" timestamp="2021-03-15T15:57:42 IST" time="6.900" errors="0">
  <testcase name="getAllRepos" time="6.900" classname="com.restAssured.concepts.Get_Request"/>
  <system-out/>
</testsuite> <!-- com.restAssured.concepts.Get_Request -->
