<?xml version="1.0" encoding="UTF-8"?>
<!-- Generated by org.testng.reporters.JUnitReportReporter -->
<testsuite skipped="0" hostname="KESAVAN-PC" name="com.restAssured.concepts.Get_Request" tests="6" failures="0" timestamp="2021-03-15T14:33:25 IST" time="20.744" errors="0">
  <testcase name="getAllRepos" time="5.530" classname="com.restAssured.concepts.Get_Request"/>
  <system-out/>
  <testcase name="createRepo" time="4.503" classname="com.restAssured.concepts.Get_Request"/>
  <system-out/>
  <testcase name="getRepo" time="2.990" classname="com.restAssured.concepts.Get_Request"/>
  <system-out/>
  <testcase name="updateRepo" time="2.277" classname="com.restAssured.concepts.Get_Request"/>
  <system-out/>
  <testcase name="getAllReposTopic" time="2.875" classname="com.restAssured.concepts.Get_Request"/>
  <system-out/>
  <testcase name="deleteRepo" time="2.569" classname="com.restAssured.concepts.Get_Request"/>
  <system-out/>
</testsuite> <!-- com.restAssured.concepts.Get_Request -->
